2025-01-21 18:14:50 1737483290.333611 [tornettools] [INFO] Logging system initialized! Logging events to stdout and to '/home/ubuntu/tornettools_custom/out/tornettools.plot.2025-01-21.18.14.50.log'
2025-01-21 18:14:50 1737483290.333943 [tornettools] [INFO] Seeded standard and numpy PRNGs with seed=1912027431
2025-01-21 18:14:50 1737483290.334045 [tornettools] [INFO] The argument namespace is: Namespace(do_version=False, quiet=0, seed=1912027431, command='plot', tornet_collection_path=['/home/ubuntu/tornettools_custom/vanilla', '/home/ubuntu/tornettools_custom/discount', '/home/ubuntu/tornettools_custom/matching'], tor_metrics_path=[['/home/ubuntu/tornettools_custom/tor_metrics_2024-05-01--2024-05-31.json', None, None]], prefix='/home/ubuntu/tornettools_custom/out', labels=None, colors=None, plot_all=False, plot_pngs=False, func=<function plot at 0x7f086511a830>, formatter_class=<class '__main__.CustomHelpFormatter'>, _didremovedefault=True)
2025-01-21 18:14:50 1737483290.336180 [tornettools] [INFO] The platform is: Linux-5.15.0-130-generic-x86_64-with-glibc2.35
2025-01-21 18:14:50 1737483290.336260 [tornettools] [INFO] System info: uname_result(system='Linux', node='Node1', release='5.15.0-130-generic', version='#140-Ubuntu SMP Wed Dec 18 17:59:53 UTC 2024', machine='x86_64')
2025-01-21 18:14:51 1737483291.057409 [tornettools] [INFO] Plotting simulation results now
2025-01-21 18:14:51 1737483291.057917 [tornettools] [INFO] Plotting tornet comparisons
2025-01-21 18:14:51 1737483291.058002 [tornettools] [INFO] Loading tornet resource usage data
2025-01-21 18:14:51 1737483291.058066 [tornettools] [INFO] Searching for files containing resource_usage.json in directory tree at /home/ubuntu/tornettools_custom/vanilla
2025-01-21 18:14:51 1737483291.058282 [tornettools] [INFO] Found 0 total files
2025-01-21 18:14:51 1737483291.058347 [tornettools] [INFO] Searching for files containing resource_usage.json in directory tree at /home/ubuntu/tornettools_custom/discount
2025-01-21 18:14:51 1737483291.058450 [tornettools] [INFO] Found 0 total files
2025-01-21 18:14:51 1737483291.058508 [tornettools] [INFO] Searching for files containing resource_usage.json in directory tree at /home/ubuntu/tornettools_custom/matching
2025-01-21 18:14:51 1737483291.058607 [tornettools] [INFO] Found 0 total files
2025-01-21 18:14:51 1737483291.469665 [tornettools] [INFO] Loading Tor metrics data
2025-01-21 18:14:52 1737483292.019946 [tornettools] [INFO] Loading tornet relay goodput data
2025-01-21 18:14:52 1737483292.020154 [tornettools] [INFO] Searching for files containing relay_goodput.json in directory tree at /home/ubuntu/tornettools_custom/vanilla
2025-01-21 18:14:52 1737483292.020502 [tornettools] [INFO] Found 0 total files
2025-01-21 18:14:52 1737483292.020575 [tornettools] [INFO] Searching for files containing relay_goodput.json in directory tree at /home/ubuntu/tornettools_custom/discount
2025-01-21 18:14:52 1737483292.020680 [tornettools] [INFO] Found 0 total files
2025-01-21 18:14:52 1737483292.020739 [tornettools] [INFO] Searching for files containing relay_goodput.json in directory tree at /home/ubuntu/tornettools_custom/matching
2025-01-21 18:14:52 1737483292.020833 [tornettools] [INFO] Found 0 total files
2025-01-21 18:14:52 1737483292.020898 [tornettools] [INFO] Searching for files containing simulation_info.json in directory tree at /home/ubuntu/tornettools_custom/vanilla
2025-01-21 18:14:52 1737483292.021098 [tornettools] [INFO] Found 0 total files
2025-01-21 18:14:52 1737483292.021160 [tornettools] [INFO] Searching for files containing simulation_info.json in directory tree at /home/ubuntu/tornettools_custom/discount
2025-01-21 18:14:52 1737483292.021255 [tornettools] [INFO] Found 0 total files
2025-01-21 18:14:52 1737483292.021309 [tornettools] [INFO] Searching for files containing simulation_info.json in directory tree at /home/ubuntu/tornettools_custom/matching
2025-01-21 18:14:52 1737483292.021399 [tornettools] [INFO] Found 0 total files
2025-01-21 18:14:52 1737483292.021454 [tornettools] [INFO] Plotting relay goodput
2025-01-21 18:14:52 1737483292.166518 [tornettools] [INFO] Loading exit tornet circuit build time data
2025-01-21 18:14:52 1737483292.166917 [tornettools] [INFO] Searching for files matching perfclient_circuit_build_time(\.exit)?\.json in directory tree at /home/ubuntu/tornettools_custom/vanilla
2025-01-21 18:14:52 1737483292.167083 [tornettools] [INFO] Found /home/ubuntu/tornettools_custom/vanilla/tornet.plot.data/perfclient_circuit_build_time.exit.json
2025-01-21 18:14:52 1737483292.167145 [tornettools] [INFO] Found 1 total files
2025-01-21 18:14:52 1737483292.168494 [tornettools] [INFO] Searching for files matching perfclient_circuit_build_time(\.exit)?\.json in directory tree at /home/ubuntu/tornettools_custom/discount
2025-01-21 18:14:52 1737483292.168616 [tornettools] [INFO] Found /home/ubuntu/tornettools_custom/discount/tornet.plot.data/perfclient_circuit_build_time.exit.json
2025-01-21 18:14:52 1737483292.168674 [tornettools] [INFO] Found 1 total files
2025-01-21 18:14:52 1737483292.170093 [tornettools] [INFO] Searching for files matching perfclient_circuit_build_time(\.exit)?\.json in directory tree at /home/ubuntu/tornettools_custom/matching
2025-01-21 18:14:52 1737483292.170203 [tornettools] [INFO] Found /home/ubuntu/tornettools_custom/matching/tornet.plot.data/perfclient_circuit_build_time.exit.json
2025-01-21 18:14:52 1737483292.170258 [tornettools] [INFO] Found 1 total files
2025-01-21 18:14:52 1737483292.171647 [tornettools] [INFO] Plotting exit circuit build times
2025-01-21 18:14:52 1737483292.384340 [tornettools] [INFO] Loading exit tornet round trip time data
2025-01-21 18:14:52 1737483292.384699 [tornettools] [INFO] Searching for files matching round_trip_time(\.exit)?\.json in directory tree at /home/ubuntu/tornettools_custom/vanilla
2025-01-21 18:14:52 1737483292.384835 [tornettools] [INFO] Found /home/ubuntu/tornettools_custom/vanilla/tornet.plot.data/round_trip_time.exit.json
2025-01-21 18:14:52 1737483292.384897 [tornettools] [INFO] Found 1 total files
2025-01-21 18:14:52 1737483292.385558 [tornettools] [INFO] Searching for files matching round_trip_time(\.exit)?\.json in directory tree at /home/ubuntu/tornettools_custom/discount
2025-01-21 18:14:52 1737483292.385674 [tornettools] [INFO] Found /home/ubuntu/tornettools_custom/discount/tornet.plot.data/round_trip_time.exit.json
2025-01-21 18:14:52 1737483292.385732 [tornettools] [INFO] Found 1 total files
2025-01-21 18:14:52 1737483292.386354 [tornettools] [INFO] Searching for files matching round_trip_time(\.exit)?\.json in directory tree at /home/ubuntu/tornettools_custom/matching
2025-01-21 18:14:52 1737483292.386461 [tornettools] [INFO] Found /home/ubuntu/tornettools_custom/matching/tornet.plot.data/round_trip_time.exit.json
2025-01-21 18:14:52 1737483292.386518 [tornettools] [INFO] Found 1 total files
2025-01-21 18:14:52 1737483292.387333 [tornettools] [INFO] Plotting exit round trip times
2025-01-21 18:14:52 1737483292.575588 [tornettools] [INFO] Loading exit tornet transfer time data
2025-01-21 18:14:52 1737483292.576018 [tornettools] [INFO] Searching for files matching time_to_last_byte_recv(\.exit)?\.json in directory tree at /home/ubuntu/tornettools_custom/vanilla
2025-01-21 18:14:52 1737483292.576168 [tornettools] [INFO] Found /home/ubuntu/tornettools_custom/vanilla/tornet.plot.data/time_to_last_byte_recv.exit.json
2025-01-21 18:14:52 1737483292.576233 [tornettools] [INFO] Found 1 total files
2025-01-21 18:14:52 1737483292.577445 [tornettools] [INFO] Searching for files matching time_to_last_byte_recv(\.exit)?\.json in directory tree at /home/ubuntu/tornettools_custom/discount
2025-01-21 18:14:52 1737483292.577562 [tornettools] [INFO] Found /home/ubuntu/tornettools_custom/discount/tornet.plot.data/time_to_last_byte_recv.exit.json
2025-01-21 18:14:52 1737483292.577622 [tornettools] [INFO] Found 1 total files
2025-01-21 18:14:52 1737483292.578891 [tornettools] [INFO] Searching for files matching time_to_last_byte_recv(\.exit)?\.json in directory tree at /home/ubuntu/tornettools_custom/matching
2025-01-21 18:14:52 1737483292.579016 [tornettools] [INFO] Found /home/ubuntu/tornettools_custom/matching/tornet.plot.data/time_to_last_byte_recv.exit.json
2025-01-21 18:14:52 1737483292.579085 [tornettools] [INFO] Found 1 total files
2025-01-21 18:14:52 1737483292.580674 [tornettools] [INFO] Plotting transfer times
2025-01-21 18:14:53 1737483293.487818 [tornettools] [INFO] Loading exit tornet goodput data
2025-01-21 18:14:53 1737483293.488223 [tornettools] [INFO] Searching for files matching perfclient_goodput(\.exit)?\.json in directory tree at /home/ubuntu/tornettools_custom/vanilla
2025-01-21 18:14:53 1737483293.488374 [tornettools] [INFO] Found /home/ubuntu/tornettools_custom/vanilla/tornet.plot.data/perfclient_goodput.exit.json
2025-01-21 18:14:53 1737483293.488437 [tornettools] [INFO] Found 1 total files
2025-01-21 18:14:53 1737483293.489915 [tornettools] [INFO] Searching for files matching perfclient_goodput(\.exit)?\.json in directory tree at /home/ubuntu/tornettools_custom/discount
2025-01-21 18:14:53 1737483293.490038 [tornettools] [INFO] Found /home/ubuntu/tornettools_custom/discount/tornet.plot.data/perfclient_goodput.exit.json
2025-01-21 18:14:53 1737483293.490098 [tornettools] [INFO] Found 1 total files
2025-01-21 18:14:53 1737483293.491535 [tornettools] [INFO] Searching for files matching perfclient_goodput(\.exit)?\.json in directory tree at /home/ubuntu/tornettools_custom/matching
2025-01-21 18:14:53 1737483293.491641 [tornettools] [INFO] Found /home/ubuntu/tornettools_custom/matching/tornet.plot.data/perfclient_goodput.exit.json
2025-01-21 18:14:53 1737483293.491714 [tornettools] [INFO] Found 1 total files
2025-01-21 18:14:53 1737483293.493401 [tornettools] [INFO] Plotting exit client goodput
2025-01-21 18:14:53 1737483293.760657 [tornettools] [INFO] Loading exit tornet goodput data 5MiB
2025-01-21 18:14:53 1737483293.761005 [tornettools] [INFO] Searching for files matching perfclient_goodput_5MiB(\.exit)?\.json in directory tree at /home/ubuntu/tornettools_custom/vanilla
2025-01-21 18:14:53 1737483293.761146 [tornettools] [INFO] Found 0 total files
2025-01-21 18:14:53 1737483293.761207 [tornettools] [INFO] Searching for files matching perfclient_goodput_5MiB(\.exit)?\.json in directory tree at /home/ubuntu/tornettools_custom/discount
2025-01-21 18:14:53 1737483293.761304 [tornettools] [INFO] Found 0 total files
2025-01-21 18:14:53 1737483293.761358 [tornettools] [INFO] Searching for files matching perfclient_goodput_5MiB(\.exit)?\.json in directory tree at /home/ubuntu/tornettools_custom/matching
2025-01-21 18:14:53 1737483293.761448 [tornettools] [INFO] Found 0 total files
2025-01-21 18:14:53 1737483293.761719 [tornettools] [INFO] Plotting exit client goodput [5 MiB]
2025-01-21 18:14:53 1737483293.894605 [tornettools] [INFO] Loading exit tornet transfer error rate data
2025-01-21 18:14:53 1737483293.894908 [tornettools] [INFO] Searching for files matching error_rate(\.exit)?\.json in directory tree at /home/ubuntu/tornettools_custom/vanilla
2025-01-21 18:14:53 1737483293.895050 [tornettools] [INFO] Found 0 total files
2025-01-21 18:14:53 1737483293.895113 [tornettools] [INFO] Searching for files matching error_rate(\.exit)?\.json in directory tree at /home/ubuntu/tornettools_custom/discount
2025-01-21 18:14:53 1737483293.895209 [tornettools] [INFO] Found 0 total files
2025-01-21 18:14:53 1737483293.895265 [tornettools] [INFO] Searching for files matching error_rate(\.exit)?\.json in directory tree at /home/ubuntu/tornettools_custom/matching
2025-01-21 18:14:53 1737483293.895357 [tornettools] [INFO] Found 0 total files
2025-01-21 18:14:53 1737483293.895413 [tornettools] [INFO] Plotting exit transfer error rates
2025-01-21 18:14:54 1737483294.026994 [tornettools] [INFO] Loading onionservice tornet circuit build time data
2025-01-21 18:14:54 1737483294.027322 [tornettools] [INFO] Searching for files matching perfclient_circuit_build_time\.onionservice\.json in directory tree at /home/ubuntu/tornettools_custom/vanilla
2025-01-21 18:14:54 1737483294.027458 [tornettools] [INFO] Found 0 total files
2025-01-21 18:14:54 1737483294.027519 [tornettools] [INFO] Searching for files matching perfclient_circuit_build_time\.onionservice\.json in directory tree at /home/ubuntu/tornettools_custom/discount
2025-01-21 18:14:54 1737483294.027626 [tornettools] [INFO] Found 0 total files
2025-01-21 18:14:54 1737483294.027683 [tornettools] [INFO] Searching for files matching perfclient_circuit_build_time\.onionservice\.json in directory tree at /home/ubuntu/tornettools_custom/matching
2025-01-21 18:14:54 1737483294.027797 [tornettools] [INFO] Found 0 total files
2025-01-21 18:14:54 1737483294.027851 [tornettools] [INFO] Plotting onionservice circuit build times
2025-01-21 18:14:54 1737483294.143581 [tornettools] [INFO] Loading onionservice tornet round trip time data
2025-01-21 18:14:54 1737483294.143843 [tornettools] [INFO] Searching for files matching round_trip_time\.onionservice\.json in directory tree at /home/ubuntu/tornettools_custom/vanilla
2025-01-21 18:14:54 1737483294.143979 [tornettools] [INFO] Found 0 total files
2025-01-21 18:14:54 1737483294.144042 [tornettools] [INFO] Searching for files matching round_trip_time\.onionservice\.json in directory tree at /home/ubuntu/tornettools_custom/discount
2025-01-21 18:14:54 1737483294.144137 [tornettools] [INFO] Found 0 total files
2025-01-21 18:14:54 1737483294.144194 [tornettools] [INFO] Searching for files matching round_trip_time\.onionservice\.json in directory tree at /home/ubuntu/tornettools_custom/matching
2025-01-21 18:14:54 1737483294.144284 [tornettools] [INFO] Found 0 total files
2025-01-21 18:14:54 1737483294.144338 [tornettools] [INFO] Plotting onionservice round trip times
2025-01-21 18:14:54 1737483294.261559 [tornettools] [INFO] Loading onionservice tornet transfer time data
2025-01-21 18:14:54 1737483294.261847 [tornettools] [INFO] Searching for files matching time_to_last_byte_recv\.onionservice\.json in directory tree at /home/ubuntu/tornettools_custom/vanilla
2025-01-21 18:14:54 1737483294.261986 [tornettools] [INFO] Found 0 total files
2025-01-21 18:14:54 1737483294.262052 [tornettools] [INFO] Searching for files matching time_to_last_byte_recv\.onionservice\.json in directory tree at /home/ubuntu/tornettools_custom/discount
2025-01-21 18:14:54 1737483294.262148 [tornettools] [INFO] Found 0 total files
2025-01-21 18:14:54 1737483294.262204 [tornettools] [INFO] Searching for files matching time_to_last_byte_recv\.onionservice\.json in directory tree at /home/ubuntu/tornettools_custom/matching
2025-01-21 18:14:54 1737483294.262292 [tornettools] [INFO] Found 0 total files
2025-01-21 18:14:54 1737483294.262347 [tornettools] [INFO] Plotting transfer times
2025-01-21 18:14:54 1737483294.981670 [tornettools] [INFO] Loading onionservice tornet goodput data
2025-01-21 18:14:54 1737483294.981987 [tornettools] [INFO] Searching for files matching perfclient_goodput\.onionservice\.json in directory tree at /home/ubuntu/tornettools_custom/vanilla
2025-01-21 18:14:54 1737483294.982129 [tornettools] [INFO] Found 0 total files
2025-01-21 18:14:54 1737483294.982192 [tornettools] [INFO] Searching for files matching perfclient_goodput\.onionservice\.json in directory tree at /home/ubuntu/tornettools_custom/discount
2025-01-21 18:14:54 1737483294.982287 [tornettools] [INFO] Found 0 total files
2025-01-21 18:14:54 1737483294.982343 [tornettools] [INFO] Searching for files matching perfclient_goodput\.onionservice\.json in directory tree at /home/ubuntu/tornettools_custom/matching
2025-01-21 18:14:54 1737483294.982431 [tornettools] [INFO] Found 0 total files
2025-01-21 18:14:54 1737483294.982486 [tornettools] [INFO] Plotting onionservice client goodput
2025-01-21 18:14:55 1737483295.103429 [tornettools] [INFO] Loading onionservice tornet goodput data 5MiB
2025-01-21 18:14:55 1737483295.103645 [tornettools] [INFO] Searching for files matching perfclient_goodput_5MiB\.onionservice\.json in directory tree at /home/ubuntu/tornettools_custom/vanilla
2025-01-21 18:14:55 1737483295.103786 [tornettools] [INFO] Found 0 total files
2025-01-21 18:14:55 1737483295.103851 [tornettools] [INFO] Searching for files matching perfclient_goodput_5MiB\.onionservice\.json in directory tree at /home/ubuntu/tornettools_custom/discount
2025-01-21 18:14:55 1737483295.103964 [tornettools] [INFO] Found 0 total files
2025-01-21 18:14:55 1737483295.104026 [tornettools] [INFO] Searching for files matching perfclient_goodput_5MiB\.onionservice\.json in directory tree at /home/ubuntu/tornettools_custom/matching
2025-01-21 18:14:55 1737483295.104117 [tornettools] [INFO] Found 0 total files
2025-01-21 18:14:55 1737483295.104173 [tornettools] [INFO] Plotting onionservice client goodput [5 MiB]
2025-01-21 18:14:55 1737483295.223927 [tornettools] [INFO] Loading onionservice tornet transfer error rate data
2025-01-21 18:14:55 1737483295.224320 [tornettools] [INFO] Searching for files matching error_rate\.onionservice\.json in directory tree at /home/ubuntu/tornettools_custom/vanilla
2025-01-21 18:14:55 1737483295.224437 [tornettools] [INFO] Found 0 total files
2025-01-21 18:14:55 1737483295.224498 [tornettools] [INFO] Searching for files matching error_rate\.onionservice\.json in directory tree at /home/ubuntu/tornettools_custom/discount
2025-01-21 18:14:55 1737483295.224592 [tornettools] [INFO] Found 0 total files
2025-01-21 18:14:55 1737483295.224649 [tornettools] [INFO] Searching for files matching error_rate\.onionservice\.json in directory tree at /home/ubuntu/tornettools_custom/matching
2025-01-21 18:14:55 1737483295.224736 [tornettools] [INFO] Found 0 total files
2025-01-21 18:14:55 1737483295.224790 [tornettools] [INFO] Plotting onionservice transfer error rates
2025-01-21 18:14:55 1737483295.381166 [tornettools] [INFO] Done plotting! PDF files are saved to /home/ubuntu/tornettools_custom/out
